2026-02-23 09:56:23 [INFO   ] backend.pipeline.scraper.masterlist_scraper: Phase B: 34015 unique entries to process (0 SONA duplicates skipped, 34081 total)
2026-02-23 09:56:24 [INFO   ] backend.pipeline.scraper.masterlist_scraper: 34015 total documents, 155 already scraped, 33860 to scrape (1 workers)
2026-02-23 09:56:24 [INFO   ] backend.pipeline.scraper.masterlist_scraper: [1/33860] W0: administrative-order-no-341-s-1961 (administrative-orders/carlos-p-garcia)
2026-02-23 09:56:25 [INFO   ] backend.pipeline.scraper.masterlist_scraper:   OK: 335 words (HTML)
2026-02-23 09:56:25 [INFO   ] backend.pipeline.scraper.masterlist_scraper: [2/33860] W0: administrative-order-no-342-s-1961 (administrative-orders/carlos-p-garcia)
2026-02-23 09:56:27 [INFO   ] backend.pipeline.scraper.masterlist_scraper:   OK: 472 words (HTML)
2026-02-23 09:56:27 [INFO   ] backend.pipeline.scraper.masterlist_scraper: [3/33860] W0: administrative-order-no-343-s-1961 (administrative-orders/carlos-p-garcia)
2026-02-23 09:56:28 [INFO   ] backend.pipeline.scraper.masterlist_scraper:   OK: 1967 words (HTML)
2026-02-23 09:56:28 [INFO   ] backend.pipeline.scraper.masterlist_scraper: [4/33860] W0: administrative-order-no-344-s-1961 (administrative-orders/carlos-p-garcia)
2026-02-23 09:56:32 [INFO   ] backend.pipeline.scraper.masterlist_scraper:   OK: 472 words (HTML)
2026-02-23 09:56:32 [INFO   ] backend.pipeline.scraper.masterlist_scraper: [5/33860] W0: administrative-order-no-345-s-1961 (administrative-orders/carlos-p-garcia)
2026-02-23 09:56:34 [INFO   ] backend.pipeline.scraper.masterlist_scraper:   OK: 466 words (HTML)
2026-02-23 09:56:34 [INFO   ] backend.pipeline.scraper.masterlist_scraper: [6/33860] W0: administrative-order-no-346-s-1961 (administrative-orders/carlos-p-garcia)
2026-02-23 09:56:37 [INFO   ] backend.pipeline.scraper.masterlist_scraper:   OK: 126 words (HTML)
2026-02-23 09:56:37 [INFO   ] backend.pipeline.scraper.masterlist_scraper: [7/33860] W0: administrative-order-no-347-s-1961 (administrative-orders/carlos-p-garcia)
2026-02-23 09:56:39 [INFO   ] backend.pipeline.scraper.masterlist_scraper:   OK: 213 words (HTML)
2026-02-23 09:56:39 [INFO   ] backend.pipeline.scraper.masterlist_scraper: [8/33860] W0: administrative-order-no-348-s-1961 (administrative-orders/carlos-p-garcia)
2026-02-23 09:56:41 [INFO   ] backend.pipeline.scraper.masterlist_scraper:   OK: 475 words (HTML)
2026-02-23 09:56:41 [INFO   ] backend.pipeline.scraper.masterlist_scraper: [9/33860] W0: administrative-order-no-349-s-1961 (administrative-orders/carlos-p-garcia)
2026-02-23 09:56:46 [INFO   ] backend.pipeline.scraper.masterlist_scraper:   OK: 185 words (HTML)
2026-02-23 09:56:46 [INFO   ] backend.pipeline.scraper.masterlist_scraper: [10/33860] W0: administrative-order-no-350-s-1961 (administrative-orders/carlos-p-garcia)
2026-02-23 09:56:50 [INFO   ] backend.pipeline.scraper.masterlist_scraper:   OK: 469 words (HTML)
2026-02-23 09:56:50 [INFO   ] backend.pipeline.scraper.masterlist_scraper: [11/33860] W0: administrative-order-no-351-s-1961 (administrative-orders/carlos-p-garcia)
2026-02-23 09:56:54 [INFO   ] backend.pipeline.scraper.masterlist_scraper:   OK: 465 words (HTML)
2026-02-23 09:56:54 [INFO   ] backend.pipeline.scraper.masterlist_scraper: [12/33860] W0: administrative-order-no-352-s-1961 (administrative-orders/carlos-p-garcia)
2026-02-23 09:56:56 [INFO   ] backend.pipeline.scraper.masterlist_scraper:   OK: 466 words (HTML)
2026-02-23 09:56:56 [INFO   ] backend.pipeline.scraper.masterlist_scraper: [13/33860] W0: administrative-order-no-353-s-1961 (administrative-orders/carlos-p-garcia)
2026-02-23 09:57:00 [INFO   ] backend.pipeline.scraper.masterlist_scraper:   OK: 237 words (HTML)
2026-02-23 09:57:00 [INFO   ] backend.pipeline.scraper.masterlist_scraper: [14/33860] W0: administrative-order-no-354-s-1961 (administrative-orders/carlos-p-garcia)
2026-02-23 09:57:02 [INFO   ] backend.pipeline.scraper.masterlist_scraper:   OK: 1163 words (HTML)
2026-02-23 09:57:02 [INFO   ] backend.pipeline.scraper.masterlist_scraper: [15/33860] W0: administrative-order-no-355-s-1961 (administrative-orders/carlos-p-garcia)
2026-02-23 09:57:05 [INFO   ] backend.pipeline.scraper.masterlist_scraper:   OK: 503 words (HTML)
2026-02-23 09:57:05 [INFO   ] backend.pipeline.scraper.masterlist_scraper: [16/33860] W0: administrative-order-no-356-s-1961 (administrative-orders/carlos-p-garcia)
2026-02-23 09:57:09 [INFO   ] backend.pipeline.scraper.masterlist_scraper:   OK: 1232 words (HTML)
2026-02-23 09:57:09 [INFO   ] backend.pipeline.scraper.masterlist_scraper: [17/33860] W0: administrative-order-no-357-s-1961 (administrative-orders/carlos-p-garcia)
2026-02-23 09:57:14 [INFO   ] backend.pipeline.scraper.masterlist_scraper:   OK: 216 words (HTML)
2026-02-23 09:57:14 [INFO   ] backend.pipeline.scraper.masterlist_scraper: [18/33860] W0: administrative-order-no-358-s-1961 (administrative-orders/carlos-p-garcia)
2026-02-23 09:57:16 [INFO   ] backend.pipeline.scraper.masterlist_scraper:   OK: 470 words (HTML)
2026-02-23 09:57:16 [INFO   ] backend.pipeline.scraper.masterlist_scraper: [19/33860] W0: administrative-order-no-359-s-1961 (administrative-orders/carlos-p-garcia)
2026-02-23 09:57:19 [INFO   ] backend.pipeline.scraper.masterlist_scraper:   OK: 275 words (HTML)
2026-02-23 09:57:19 [INFO   ] backend.pipeline.scraper.masterlist_scraper: [20/33860] W0: administrative-order-no-360-s-1961 (administrative-orders/carlos-p-garcia)
2026-02-23 09:57:24 [INFO   ] backend.pipeline.scraper.masterlist_scraper:   OK: 468 words (HTML)
2026-02-23 09:57:24 [INFO   ] backend.pipeline.scraper.masterlist_scraper: [21/33860] W0: administrative-order-no-361-s-1961 (administrative-orders/carlos-p-garcia)
2026-02-23 09:57:29 [INFO   ] backend.pipeline.scraper.masterlist_scraper:   OK: 1017 words (HTML)
2026-02-23 09:57:29 [INFO   ] backend.pipeline.scraper.masterlist_scraper: [22/33860] W0: administrative-order-no-363-s-1961 (administrative-orders/carlos-p-garcia)
2026-02-23 09:57:33 [INFO   ] backend.pipeline.scraper.masterlist_scraper:   OK: 683 words (HTML)
2026-02-23 09:57:33 [INFO   ] backend.pipeline.scraper.masterlist_scraper: [23/33860] W0: administrative-order-no-364-s-1961 (administrative-orders/carlos-p-garcia)
2026-02-23 09:57:36 [INFO   ] backend.pipeline.scraper.masterlist_scraper:   OK: 1109 words (HTML)
2026-02-23 09:57:36 [INFO   ] backend.pipeline.scraper.masterlist_scraper: [24/33860] W0: administrative-order-no-362-s-1961 (administrative-orders/carlos-p-garcia)
2026-02-23 09:57:38 [INFO   ] backend.pipeline.scraper.masterlist_scraper:   OK: 3083 words (HTML)
2026-02-23 09:57:38 [INFO   ] backend.pipeline.scraper.masterlist_scraper: [25/33860] W0: administrative-order-no-365-s-1961 (administrative-orders/carlos-p-garcia)
2026-02-23 09:57:40 [INFO   ] backend.pipeline.scraper.masterlist_scraper:   OK: 261 words (HTML)
2026-02-23 09:57:40 [INFO   ] backend.pipeline.scraper.masterlist_scraper: [26/33860] W0: administrative-order-no-366-s-1961 (administrative-orders/carlos-p-garcia)
2026-02-23 09:57:45 [INFO   ] backend.pipeline.scraper.masterlist_scraper:   OK: 475 words (HTML)
2026-02-23 09:57:45 [INFO   ] backend.pipeline.scraper.masterlist_scraper: [27/33860] W0: administrative-order-no-367-s-1961 (administrative-orders/carlos-p-garcia)
2026-02-23 09:57:47 [INFO   ] backend.pipeline.scraper.masterlist_scraper:   OK: 463 words (HTML)
2026-02-23 09:57:47 [INFO   ] backend.pipeline.scraper.masterlist_scraper: [28/33860] W0: administrative-order-no-368-s-1961 (administrative-orders/carlos-p-garcia)
2026-02-23 09:57:52 [INFO   ] backend.pipeline.scraper.masterlist_scraper:   OK: 198 words (HTML)
2026-02-23 09:57:52 [INFO   ] backend.pipeline.scraper.masterlist_scraper: [29/33860] W0: administrative-order-no-369-s-1961 (administrative-orders/carlos-p-garcia)
2026-02-23 09:57:56 [INFO   ] backend.pipeline.scraper.masterlist_scraper:   OK: 1086 words (HTML)
2026-02-23 09:57:56 [INFO   ] backend.pipeline.scraper.masterlist_scraper: [30/33860] W0: administrative-order-no-370-s-1961 (administrative-orders/carlos-p-garcia)
2026-02-23 09:57:59 [INFO   ] backend.pipeline.scraper.masterlist_scraper:   OK: 479 words (HTML)
2026-02-23 09:57:59 [INFO   ] backend.pipeline.scraper.masterlist_scraper: [31/33860] W0: administrative-order-no-371-s-1961 (administrative-orders/carlos-p-garcia)
2026-02-23 09:58:01 [INFO   ] backend.pipeline.scraper.masterlist_scraper:   OK: 522 words (HTML)
2026-02-23 09:58:01 [INFO   ] backend.pipeline.scraper.masterlist_scraper: [32/33860] W0: administrative-order-no-372-s-1961 (administrative-orders/carlos-p-garcia)
2026-02-23 09:58:04 [INFO   ] backend.pipeline.scraper.masterlist_scraper:   OK: 232 words (HTML)
2026-02-23 09:58:04 [INFO   ] backend.pipeline.scraper.masterlist_scraper: [33/33860] W0: administrative-order-no-373-s-1961 (administrative-orders/carlos-p-garcia)
2026-02-23 09:58:07 [INFO   ] backend.pipeline.scraper.masterlist_scraper:   OK: 210 words (HTML)
2026-02-23 09:58:07 [INFO   ] backend.pipeline.scraper.masterlist_scraper: [34/33860] W0: administrative-order-no-374-s-1961 (administrative-orders/carlos-p-garcia)
2026-02-23 09:58:10 [INFO   ] backend.pipeline.scraper.masterlist_scraper:   OK: 516 words (HTML)
2026-02-23 09:58:10 [INFO   ] backend.pipeline.scraper.masterlist_scraper: [35/33860] W0: administrative-order-no-377-s-1961 (administrative-orders/carlos-p-garcia)
2026-02-23 09:58:15 [INFO   ] backend.pipeline.scraper.masterlist_scraper:   OK: 1296 words (HTML)
2026-02-23 09:58:15 [INFO   ] backend.pipeline.scraper.masterlist_scraper: [36/33860] W0: administrative-order-no-376-s-1961 (administrative-orders/carlos-p-garcia)
2026-02-23 09:58:20 [INFO   ] backend.pipeline.scraper.masterlist_scraper:   OK: 1594 words (HTML)
2026-02-23 09:58:20 [INFO   ] backend.pipeline.scraper.masterlist_scraper: [37/33860] W0: administrative-order-no-375-s-1961 (administrative-orders/carlos-p-garcia)
2026-02-23 09:58:21 [INFO   ] backend.pipeline.scraper.masterlist_scraper: Shutdown requested, finishing current document...
2026-02-23 09:58:21 [WARNING] backend.pipeline.scraper.masterlist_scraper: Force shutdown requested, exiting immediately
